<?xml version="1.0" encoding="UTF-8" ?>
<testsuite tests="1" failures="0" name="com.taotao.test.FtpserverTest" time="21.516" errors="0" skipped="0">
  <properties>
    <property name="java.runtime.name" value="Java(TM) SE Runtime Environment"/>
    <property name="sun.boot.library.path" value="G:\Program Files (x86)\Java\jdk1.8.0_73\jre\bin"/>
    <property name="java.vm.version" value="25.73-b02"/>
    <property name="java.vm.vendor" value="Oracle Corporation"/>
    <property name="maven.multiModuleProjectDirectory" value="E:\workspaces-itcast\template\taotao-manager\taotao-manager-web"/>
    <property name="java.vendor.url" value="http://java.oracle.com/"/>
    <property name="path.separator" value=";"/>
    <property name="guice.disable.misplaced.annotation.check" value="true"/>
    <property name="java.vm.name" value="Java HotSpot(TM) Client VM"/>
    <property name="file.encoding.pkg" value="sun.io"/>
    <property name="user.script" value=""/>
    <property name="user.country" value="CN"/>
    <property name="sun.java.launcher" value="SUN_STANDARD"/>
    <property name="sun.os.patch.level" value="Service Pack 1"/>
    <property name="java.vm.specification.name" value="Java Virtual Machine Specification"/>
    <property name="user.dir" value="E:\workspaces-itcast\template\taotao-manager\taotao-manager-web"/>
    <property name="java.runtime.version" value="1.8.0_73-b02"/>
    <property name="java.awt.graphicsenv" value="sun.awt.Win32GraphicsEnvironment"/>
    <property name="java.endorsed.dirs" value="G:\Program Files (x86)\Java\jdk1.8.0_73\jre\lib\endorsed"/>
    <property name="os.arch" value="x86"/>
    <property name="java.io.tmpdir" value="C:\Users\ADMINI~1\AppData\Local\Temp\"/>
    <property name="line.separator" value="
"/>
    <property name="java.vm.specification.vendor" value="Oracle Corporation"/>
    <property name="user.variant" value=""/>
    <property name="os.name" value="Windows 7"/>
    <property name="classworlds.conf" value="E:\workspaces-itcast\template\.metadata\.plugins\org.eclipse.m2e.launching\launches\m2conf3159706060328938639.tmp"/>
    <property name="sun.jnu.encoding" value="GBK"/>
    <property name="java.library.path" value="G:\Program Files (x86)\Java\jdk1.8.0_73\bin;C:\Windows\Sun\Java\bin;C:\Windows\system32;C:\Windows;G:/Program Files (x86)/Java/jdk1.8.0_73/bin/../jre/bin/client;G:/Program Files (x86)/Java/jdk1.8.0_73/bin/../jre/bin;G:/Program Files (x86)/Java/jdk1.8.0_73/bin/../jre/lib/i386;G:\Program Files (x86)\Java\jdk1.8.0_73\bin;G:\jdk1.5.0_22\bin;F:\CollabNet Subversion Server;D:\oracle\product\11.2.0\dbhome_1\bin;C:\Program Files (x86)\Common Files\NetSarang;C:\Program Files\Microsoft SQL Server\100\DTS\Binn\;C:\Program Files (x86)\Microsoft SQL Server\100\Tools\Binn\VSShell\Common7\IDE\;C:\Program Files (x86)\Microsoft SQL Server\100\Tools\Binn\;C:\Program Files\Microsoft SQL Server\100\Tools\Binn\;C:\Program Files (x86)\Microsoft SQL Server\100\DTS\Binn\;G:\RuPeng_MySQL5.6(utf-8)\MySQL5.6\bin;C:\Windows\System32;E:\svn\bin;C:\Program Files (x86)\NVIDIA Corporation\PhysX\Common;G:\SQLLIB\BIN;G:\SQLLIB\FUNCTION;G:\SQLLIB\SAMPLES\REPL;E:\Rational\common;E:\VisualSVN Server\bin;G:\Program Files (x86)\Java\jdk1.8.0_73;G:\jdk1.5.0_22;G:\Program Files (x86)\Java\jdk1.8.0_73;G:\jdk1.5.0_22;\jre\bin;C:\sybase;C:\Sybase\dll;C:\Sybase\bin;C:\Sybase\shared;C:\Program Files\Sybase\Sybase Central\win32;C:\Sybase\ASEP ;E:\BaiduYunDownload\淘淘商城\01.第一天（项目介绍，搭建maven工程）\环境配置\eclipse-mars;;."/>
    <property name="java.specification.name" value="Java Platform API Specification"/>
    <property name="java.class.version" value="52.0"/>
    <property name="sun.management.compiler" value="HotSpot Client Compiler"/>
    <property name="os.version" value="6.1"/>
    <property name="user.home" value="C:\Users\Administrator"/>
    <property name="user.timezone" value="Asia/Shanghai"/>
    <property name="java.awt.printerjob" value="sun.awt.windows.WPrinterJob"/>
    <property name="java.specification.version" value="1.8"/>
    <property name="file.encoding" value="GBK"/>
    <property name="user.name" value="Administrator"/>
    <property name="java.class.path" value="/E:/BaiduYunDownload/淘淘商城/01.第一天（项目介绍，搭建maven工程）/环境配置/eclipse-mars/plugins/org.eclipse.m2e.maven.runtime_1.6.0.20150526-2031/jars/plexus-classworlds-2.5.2.jar"/>
    <property name="java.vm.specification.version" value="1.8"/>
    <property name="sun.arch.data.model" value="32"/>
    <property name="java.home" value="G:\Program Files (x86)\Java\jdk1.8.0_73\jre"/>
    <property name="sun.java.command" value="org.codehaus.plexus.classworlds.launcher.Launcher -B install"/>
    <property name="java.specification.vendor" value="Oracle Corporation"/>
    <property name="user.language" value="zh"/>
    <property name="awt.toolkit" value="sun.awt.windows.WToolkit"/>
    <property name="java.vm.info" value="mixed mode"/>
    <property name="java.version" value="1.8.0_73"/>
    <property name="java.ext.dirs" value="G:\Program Files (x86)\Java\jdk1.8.0_73\jre\lib\ext;C:\Windows\Sun\Java\lib\ext"/>
    <property name="sun.boot.class.path" value="G:\Program Files (x86)\Java\jdk1.8.0_73\jre\lib\resources.jar;G:\Program Files (x86)\Java\jdk1.8.0_73\jre\lib\rt.jar;G:\Program Files (x86)\Java\jdk1.8.0_73\jre\lib\sunrsasign.jar;G:\Program Files (x86)\Java\jdk1.8.0_73\jre\lib\jsse.jar;G:\Program Files (x86)\Java\jdk1.8.0_73\jre\lib\jce.jar;G:\Program Files (x86)\Java\jdk1.8.0_73\jre\lib\charsets.jar;G:\Program Files (x86)\Java\jdk1.8.0_73\jre\lib\jfr.jar;G:\Program Files (x86)\Java\jdk1.8.0_73\jre\classes"/>
    <property name="java.vendor" value="Oracle Corporation"/>
    <property name="maven.home" value="E:\workspaces-itcast\template\taotao-manager\taotao-manager-web\EMBEDDED"/>
    <property name="file.separator" value="\"/>
    <property name="java.vendor.url.bug" value="http://bugreport.sun.com/bugreport/"/>
    <property name="sun.cpu.endian" value="little"/>
    <property name="sun.io.unicode.encoding" value="UnicodeLittle"/>
    <property name="sun.desktop" value="windows"/>
    <property name="sun.cpu.isalist" value="pentium_pro+mmx pentium_pro pentium+mmx pentium i486 i386 i86"/>
  </properties>
  <testcase classname="com.taotao.test.FtpserverTest" name="com.taotao.test.FtpserverTest.testUtils" time="21.516"/>
</testsuite>